C51 COMPILER V9.54   MAIN                                                                  08/09/2023 10:26:10 PAGE 1   


C51 COMPILER V9.54, COMPILATION OF MODULE MAIN
OBJECT MODULE PLACED IN .\Objects\main.obj
COMPILER INVOKED BY: D:\keil c51\C51\BIN\C51.EXE main.c OPTIMIZE(8,SPEED) BROWSE DEBUG OBJECTEXTEND PRINT(.\Listings\mai
                    -n.lst) TABS(2) OBJECT(.\Objects\main.obj)

line level    source

   1          #include <REGX52.H>
   2          
   3          void Delay100ms()   //@11.0592MHz
   4          {
   5   1        unsigned char data i, j;
   6   1      
   7   1        i = 180;
   8   1        j = 73;
   9   1        do
  10   1        {
  11   2          while (--j);
  12   2        } while (--i);
  13   1      }
  14          
  15          void main()
  16          {
  17   1        while(1)
  18   1        {
  19   2        P2 = 0xFE;//1111 1110
  20   2        Delay100ms();
  21   2        P2 =0xFD;//1111 1101
  22   2        Delay100ms();
  23   2        P2 =0xFB;//1111 1011
  24   2        Delay100ms();
  25   2        P2 =0xF7;//1111 0111
  26   2        Delay100ms();
  27   2        P2 =0xEF;//1110 1111
  28   2        Delay100ms();
  29   2        P2 =0xDF;//1101 1111
  30   2        Delay100ms();
  31   2        P2 =0xBF;//1011 1111
  32   2        Delay100ms();
  33   2        P2 =0x7F;//0111 1111
  34   2        Delay100ms();
  35   2        }
  36   1        
  37   1      }


MODULE INFORMATION:   STATIC OVERLAYABLE
   CODE SIZE        =     59    ----
   CONSTANT SIZE    =   ----    ----
   XDATA SIZE       =   ----    ----
   PDATA SIZE       =   ----    ----
   DATA SIZE        =   ----    ----
   IDATA SIZE       =   ----    ----
   BIT SIZE         =   ----    ----
END OF MODULE INFORMATION.


C51 COMPILATION COMPLETE.  0 WARNING(S),  0 ERROR(S)
