C51 COMPILER V9.54   MAIN                                                                  08/31/2023 17:21:26 PAGE 1   


C51 COMPILER V9.54, COMPILATION OF MODULE MAIN
OBJECT MODULE PLACED IN .\Objects\main.obj
COMPILER INVOKED BY: D:\keil c51\C51\BIN\C51.EXE main.c OPTIMIZE(8,SPEED) BROWSE DEBUG OBJECTEXTEND PRINT(.\Listings\mai
                    -n.lst) OBJECT(.\Objects\main.obj)

line level    source

   1          #include <REGX52.H>
   2          #include <intrins.h>
   3          unsigned char NixieTable[] = {0x3F,0x06,0x5B,0x4F,0x66,0x6D,0x7D,0x07,0x7F,0x6F,0x77,0x7C,0x39,0x5E,0x79,0
             -x71,0x00};//(0x)0~9,A~F,none
   4          
   5          void Delay1ms(unsigned int xms)         //@11.0592MHz
   6          {
   7   1              unsigned char data i, j;
   8   1              while(xms--)
   9   1              {
  10   2              _nop_();
  11   2              i = 2;
  12   2              j = 199;
  13   2              do
  14   2              {
  15   3                      while (--j);
  16   3              } while (--i);  
  17   2              }
  18   1      
  19   1      }
  20          
  21          void Nixie(unsigned char Location,Number)
  22          {
  23   1              switch(Location)
  24   1              {
  25   2                      case 1: //LED9=Y7
  26   2                              P2_4=1;P2_3=1;P2_2=1;break;
  27   2                      case 2:
  28   2                              P2_4=1;P2_3=1;P2_2=0;break;
  29   2                      case 3:
  30   2                              P2_4=1;P2_3=0;P2_2=1;break;
  31   2                      case 4:
  32   2                              P2_4=1;P2_3=0;P2_2=0;break;
  33   2                      case 5:
  34   2                              P2_4=0;P2_3=1;P2_2=1;break;
  35   2                      case 6:
  36   2                              P2_4=0;P2_3=1;P2_2=0;break;
  37   2                      case 7:
  38   2                              P2_4=0;P2_3=0;P2_2=1;break;
  39   2                      case 8: //LED1=Y0
  40   2                              P2_4=0;P2_3=0;P2_2=0;break;
  41   2              }
  42   1              P0=NixieTable[Number];
  43   1              Delay1ms(1);
  44   1              P0=0X00;
  45   1      }
  46          
  47              
  48          
  49          void main()
  50          {
  51   1              while(1)
  52   1              {
  53   2                      Nixie(1,1);
C51 COMPILER V9.54   MAIN                                                                  08/31/2023 17:21:26 PAGE 2   

  54   2                      Delay1ms(1);
  55   2                      Nixie(2,1);
  56   2                      Delay1ms(1);
  57   2                      Nixie(3,4);
  58   2                      Delay1ms(1);
  59   2                      Nixie(4,5);
  60   2                      Delay1ms(1);
  61   2                      Nixie(5,1);
  62   2                      Delay1ms(1);
  63   2                      Nixie(6,4);     
  64   2                      Delay1ms(1);
  65   2              }
  66   1              
  67   1      }


MODULE INFORMATION:   STATIC OVERLAYABLE
   CODE SIZE        =    186    ----
   CONSTANT SIZE    =   ----    ----
   XDATA SIZE       =   ----    ----
   PDATA SIZE       =   ----    ----
   DATA SIZE        =     17    ----
   IDATA SIZE       =   ----    ----
   BIT SIZE         =   ----    ----
END OF MODULE INFORMATION.


C51 COMPILATION COMPLETE.  0 WARNING(S),  0 ERROR(S)
