C51 COMPILER V9.54   MAIN                                                                  09/23/2023 14:46:17 PAGE 1   


C51 COMPILER V9.54, COMPILATION OF MODULE MAIN
OBJECT MODULE PLACED IN .\Objects\main.obj
COMPILER INVOKED BY: D:\keil c51\C51\BIN\C51.EXE main.c OPTIMIZE(8,SPEED) BROWSE DEBUG OBJECTEXTEND PRINT(.\Listings\mai
                    -n.lst) OBJECT(.\Objects\main.obj)

line level    source

   1          #include <REGX52.H>
   2          #include "LCD1602.h"
   3          #include "Delay.h"
   4          
   5          int Result=3+1;
   6          
   7          void main()
   8          {
   9   1              
  10   1              while(1)
  11   1              {
  12   2                      LCD_Init();
  13   2                      if(Result--)
  14   2                      {
  15   3                              LCD_ShowString(1,1,"Result=     s");
  16   3                              LCD_ShowNum(1,8,Result,5);
  17   3                              Delay1ms(1000);
  18   3                              
  19   3                      }
  20   2                      else
  21   2                      {
  22   3                              LCD_Init();
  23   3                              LCD_ShowString(1,1,"waiting......");
  24   3                              Delay1ms(1000);
  25   3                              LCD_Init();
  26   3                              LCD_ShowString(1,1,"BOOM!!!");
  27   3                              LCD_ShowString(2,1,"LOSER");
  28   3                              Delay1ms(1000);
  29   3                      }
  30   2              
  31   2              }
  32   1      }


MODULE INFORMATION:   STATIC OVERLAYABLE
   CODE SIZE        =    113    ----
   CONSTANT SIZE    =     42    ----
   XDATA SIZE       =   ----    ----
   PDATA SIZE       =   ----    ----
   DATA SIZE        =      2    ----
   IDATA SIZE       =   ----    ----
   BIT SIZE         =   ----    ----
END OF MODULE INFORMATION.


C51 COMPILATION COMPLETE.  0 WARNING(S),  0 ERROR(S)
