C51 COMPILER V9.54   MAIN                                                                  09/17/2023 13:07:18 PAGE 1   


C51 COMPILER V9.54, COMPILATION OF MODULE MAIN
OBJECT MODULE PLACED IN .\Objects\main.obj
COMPILER INVOKED BY: D:\keil c51\C51\BIN\C51.EXE main.c OPTIMIZE(8,SPEED) BROWSE DEBUG OBJECTEXTEND PRINT(.\Listings\mai
                    -n.lst) OBJECT(.\Objects\main.obj)

line level    source

   1          #include <REGX52.H>
   2          #include <intrins.h>
   3          void Delay(unsigned int xms)            //@11.0592MHz
   4          {
   5   1              unsigned char data i, j;
   6   1      
   7   1              while(xms--)
   8   1              {
   9   2                      _nop_();
  10   2              i = 2;
  11   2              j = 199;
  12   2                      do
  13   2              {
  14   3                      while (--j);
  15   3              } while (--i);
  16   2              }
  17   1      }
  18          
  19          
  20          void main()
  21          {
  22   1              while(1)
  23   1              {
  24   2                      if(P3_1==0)
  25   2                      {
  26   3                              Delay(20);
  27   3                              while(P3_1==0)
  28   3                              {
  29   4                              Delay(20);
  30   4                              }
  31   3                              P2_0=~P2_0;
  32   3                      }
  33   2              }
  34   1      }


MODULE INFORMATION:   STATIC OVERLAYABLE
   CODE SIZE        =     43    ----
   CONSTANT SIZE    =   ----    ----
   XDATA SIZE       =   ----    ----
   PDATA SIZE       =   ----    ----
   DATA SIZE        =   ----    ----
   IDATA SIZE       =   ----    ----
   BIT SIZE         =   ----    ----
END OF MODULE INFORMATION.


C51 COMPILATION COMPLETE.  0 WARNING(S),  0 ERROR(S)
