C51 COMPILER V9.54   KEY                                                                   09/29/2023 16:08:23 PAGE 1   


C51 COMPILER V9.54, COMPILATION OF MODULE KEY
OBJECT MODULE PLACED IN .\Objects\key.obj
COMPILER INVOKED BY: D:\keil c51\C51\BIN\C51.EXE key.c OPTIMIZE(8,SPEED) BROWSE DEBUG OBJECTEXTEND PRINT(.\Listings\key.
                    -lst) OBJECT(.\Objects\key.obj)

line level    source

   1          #include <REGX52.H>
   2          #include "Delay.h"
   3          
   4          /**
   5            * @brief  获取独立按键按键键码
   6            * @param  无
   7            * @retval 按下按键的键码
   8                                  范围：0~4
   9                                  不按下时return 0
  10            */
  11          unsigned char Key()
  12          {
  13   1              unsigned char KeyNumber=0;
  14   1                      
  15   1              if(P3_1==0){Delay1ms(20);while(P3_1==0);Delay1ms(20);KeyNumber=1;}
  16   1              if(P3_0==0){Delay1ms(20);while(P3_0==0);Delay1ms(20);KeyNumber=2;}
  17   1              if(P3_2==0){Delay1ms(20);while(P3_2==0);Delay1ms(20);KeyNumber=3;}
  18   1              if(P3_3==0){Delay1ms(20);while(P3_3==0);Delay1ms(20);KeyNumber=4;}
  19   1              
  20   1              return KeyNumber;
  21   1      }


MODULE INFORMATION:   STATIC OVERLAYABLE
   CODE SIZE        =     97    ----
   CONSTANT SIZE    =   ----    ----
   XDATA SIZE       =   ----    ----
   PDATA SIZE       =   ----    ----
   DATA SIZE        =   ----       1
   IDATA SIZE       =   ----    ----
   BIT SIZE         =   ----    ----
END OF MODULE INFORMATION.


C51 COMPILATION COMPLETE.  0 WARNING(S),  0 ERROR(S)
