C51 COMPILER V9.54   MAIN                                                                  09/29/2023 21:48:41 PAGE 1   


C51 COMPILER V9.54, COMPILATION OF MODULE MAIN
OBJECT MODULE PLACED IN .\Objects\main.obj
COMPILER INVOKED BY: D:\keil c51\C51\BIN\C51.EXE main.c OPTIMIZE(8,SPEED) BROWSE DEBUG OBJECTEXTEND PRINT(.\Listings\mai
                    -n.lst) OBJECT(.\Objects\main.obj)

line level    source

   1          #include <REGX52.H>
   2          #include "Timer0.h"
   3          #include <INTRINS.H>
   4          #include "LCD1602.h"
   5          
   6          int Sec,Min,Hour=2334;
   7          
   8          
   9          void main()
  10          {
  11   1              LCD_Init();
  12   1              Timer0_Init();
  13   1              
  14   1              
  15   1              LCD_ShowString(1,1,"\"    :  :  \"");
  16   1              while(1)
  17   1              {
  18   2                      LCD_ShowNum(1,2,Hour,4);
  19   2                      LCD_ShowNum(1,7,Min,2);
  20   2                      LCD_ShowNum(1,10,Sec,2);
  21   2              }
  22   1      }
  23          
  24          
  25          /*定时器中断函数声明*/
  26          /*使用时：需要复制到main.c文件中*/
  27          void Timer0_Routine()   interrupt 1
  28          {
  29   1              static unsigned int T0_count;//静态声明 只能在本函数内使用，且函数结束后不清零
  30   1              TL0 = 0x66;     
  31   1              TH0 = 0xFC;
  32   1              T0_count++;
  33   1      
  34   1      /*"倒计时的尽头会是什么?"————汪淼*/
  35   1              if(T0_count >= 1000)
  36   1              {
  37   2                      T0_count = 0;
  38   2                      Sec--;
  39   2                      if(Sec<0)
  40   2                      {
  41   3                              Sec=59;
  42   3                              Min--;
  43   3                              if(Min<0)
  44   3                              {       
  45   4                                      Min=59;
  46   4                                      Hour--;
  47   4                                      if(Hour<0)
  48   4                                              Hour=0;
  49   4                                      
  50   4                              }
  51   3                              
  52   3                      }
  53   2                              
  54   2              }
C51 COMPILER V9.54   MAIN                                                                  09/29/2023 21:48:41 PAGE 2   

  55   1      }


MODULE INFORMATION:   STATIC OVERLAYABLE
   CODE SIZE        =    169    ----
   CONSTANT SIZE    =     13    ----
   XDATA SIZE       =   ----    ----
   PDATA SIZE       =   ----    ----
   DATA SIZE        =      8    ----
   IDATA SIZE       =   ----    ----
   BIT SIZE         =   ----    ----
END OF MODULE INFORMATION.


C51 COMPILATION COMPLETE.  0 WARNING(S),  0 ERROR(S)
