C51 COMPILER V9.54   KEYNUM                                                                09/23/2023 15:17:05 PAGE 1   


C51 COMPILER V9.54, COMPILATION OF MODULE KEYNUM
OBJECT MODULE PLACED IN .\Objects\KeyNum.obj
COMPILER INVOKED BY: D:\keil c51\C51\BIN\C51.EXE KeyNum.c OPTIMIZE(8,SPEED) BROWSE DEBUG OBJECTEXTEND PRINT(.\Listings\K
                    -eyNum.lst) OBJECT(.\Objects\KeyNum.obj)

line level    source

   1          #include <regx52.h>
   2          #include <delay.h>
   3          #include <KeyNum.h>
   4          
   5          unsigned char KeyNumGet()
   6          {
   7   1      unsigned char KeyNum=0;
   8   1      
   9   1              P1=0xFF;
  10   1              P1_7=0;
  11   1              if(P1_3==0){delay(20);while(P1_3==0);delay(20);KeyNum=1;};
  12   1              if(P1_2==0){delay(20);while(P1_3==0);delay(20);KeyNum=2;};
  13   1              if(P1_1==0){delay(20);while(P1_3==0);delay(20);KeyNum=3;};
  14   1              if(P1_0==0){delay(20);while(P1_3==0);delay(20);KeyNum=4;};
  15   1              
  16   1              P1=0xFF;
  17   1              P1_6=0;
  18   1              if(P1_3==0){delay(20);while(P1_3==0);delay(20);KeyNum=5;};
  19   1              if(P1_2==0){delay(20);while(P1_3==0);delay(20);KeyNum=6;};
  20   1              if(P1_1==0){KeyNum=7;};
  21   1              if(P1_0==0){delay(20);while(P1_3==0);delay(20);KeyNum=8;};
  22   1              
  23   1              P1=0xFF;
  24   1              P1_5=0;
  25   1              if(P1_3==0){delay(20);while(P1_3==0);delay(20);KeyNum=9;};
  26   1              if(P1_2==0){KeyNum=10;};
  27   1              if(P1_1==0){delay(20);while(P1_3==0);delay(20);KeyNum=11;};
  28   1              if(P1_0==0){KeyNum=12;};
  29   1              
  30   1              P1=0xFF;
  31   1              P1_4=0;
  32   1              if(P1_3==0){delay(20);while(P1_3==0);delay(20);KeyNum=13;};
  33   1              if(P1_2==0){delay(20);while(P1_3==0);delay(20);KeyNum=14;};
  34   1              if(P1_1==0){KeyNum=15;};
  35   1              if(P1_0==0){delay(20);while(P1_3==0);delay(20);KeyNum=16;};
  36   1              
  37   1              return KeyNum;
  38   1              
  39   1      }


MODULE INFORMATION:   STATIC OVERLAYABLE
   CODE SIZE        =    325    ----
   CONSTANT SIZE    =   ----    ----
   XDATA SIZE       =   ----    ----
   PDATA SIZE       =   ----    ----
   DATA SIZE        =   ----       1
   IDATA SIZE       =   ----    ----
   BIT SIZE         =   ----    ----
END OF MODULE INFORMATION.


C51 COMPILATION COMPLETE.  0 WARNING(S),  0 ERROR(S)
