C51 COMPILER V9.54   MAIN                                                                  08/10/2023 09:24:34 PAGE 1   


C51 COMPILER V9.54, COMPILATION OF MODULE MAIN
OBJECT MODULE PLACED IN .\Objects\main.obj
COMPILER INVOKED BY: D:\keil c51\C51\BIN\C51.EXE main.c OPTIMIZE(8,SPEED) BROWSE DEBUG OBJECTEXTEND PRINT(.\Listings\mai
                    -n.lst) TABS(2) OBJECT(.\Objects\main.obj)

line level    source

   1          #include <REGX52.H>
   2          #include <intrins.h>
   3          
   4          void Delay1ms(unsigned int xms)   //@11.0592MHz
   5          {
   6   1        unsigned char data i, j;
   7   1        while(xms--)
   8   1        {
   9   2          _nop_();
  10   2        i = 2;
  11   2        j = 199;
  12   2        do
  13   2        {
  14   3          while (--j);
  15   3        } while (--i);
  16   2        }
  17   1        
  18   1      }
  19          
  20          
  21          void main()
  22          {
  23   1        /*1111 1110
  24   1        1111 1101
  25   1        1111 1011
  26   1        1111 0111
  27   1        1110 1111
  28   1        1101 1111
  29   1        1011 1111
  30   1        0111 1111
  31   1        */
  32   1        while(1)
  33   1        {
  34   2         P2 = 0xFE;//1111 1110
  35   2         Delay1ms(50);
  36   2         P2 =0xFD;//1111 1101
  37   2         Delay1ms(50);
  38   2         P2 =0xFB;//1111 1011
  39   2         Delay1ms(50);
  40   2         P2 =0xF7;//1111 0111
  41   2         Delay1ms(50);
  42   2         P2 =0xEF;//1110 1111
  43   2         Delay1ms(50);
  44   2         P2 =0xDF;//1101 1111
  45   2         Delay1ms(50);
  46   2         P2 =0xBF;//1011 1111
  47   2         Delay1ms(50);
  48   2         P2 =0x7F;//0111 1111
  49   2         Delay1ms(50);
  50   2         P2 =0xBF;//1011 1111
  51   2         Delay1ms(50);
  52   2         P2 =0xDF;//1101 1111
  53   2         Delay1ms(50);   
  54   2         P2 =0xEF;//1110 1111
C51 COMPILER V9.54   MAIN                                                                  08/10/2023 09:24:34 PAGE 2   

  55   2         Delay1ms(50);
  56   2         P2 =0xF7;//1111 0111
  57   2         Delay1ms(50);
  58   2         P2 =0xFB;//1111 1011
  59   2         Delay1ms(50);
  60   2         P2 =0xFD;//1111 1101
  61   2         Delay1ms(50);
  62   2         P2 = 0xFE;//1111 1110
  63   2         Delay1ms(50);
  64   2        }
  65   1      }


MODULE INFORMATION:   STATIC OVERLAYABLE
   CODE SIZE        =    117    ----
   CONSTANT SIZE    =   ----    ----
   XDATA SIZE       =   ----    ----
   PDATA SIZE       =   ----    ----
   DATA SIZE        =   ----    ----
   IDATA SIZE       =   ----    ----
   BIT SIZE         =   ----    ----
END OF MODULE INFORMATION.


C51 COMPILATION COMPLETE.  0 WARNING(S),  0 ERROR(S)
