C51 COMPILER V9.54   MAIN                                                                  09/29/2023 20:49:34 PAGE 1   


C51 COMPILER V9.54, COMPILATION OF MODULE MAIN
OBJECT MODULE PLACED IN .\Objects\main.obj
COMPILER INVOKED BY: D:\keil c51\C51\BIN\C51.EXE main.c OPTIMIZE(8,SPEED) BROWSE DEBUG OBJECTEXTEND PRINT(.\Listings\mai
                    -n.lst) OBJECT(.\Objects\main.obj)

line level    source

   1          #include <REGX52.H>
   2          #include "Timer0.h"
   3          #include "key.h"
   4          #include <INTRINS.H>
   5          
   6          unsigned char KeyNum,LEDMode;
   7          
   8          void main()
   9          {
  10   1              P2=0xFE;
  11   1              
  12   1              Timer0_Init();
  13   1              
  14   1              while(1)
  15   1              {
  16   2                      KeyNum=Key();
  17   2                      if(KeyNum)
  18   2                      {
  19   3                              if(KeyNum==1)
  20   3                              {
  21   4                                      LEDMode++;
  22   4                                      if(LEDMode>=2)
  23   4                                              LEDMode=0;
  24   4                                              
  25   4                              }
  26   3                              
  27   3                      }
  28   2      
  29   2              }
  30   1      
  31   1      }
  32          
  33          /*中断函数声明*/
  34          void Timer0_Routine()   interrupt 1
  35          {
  36   1              static unsigned int T0_count;//静态声明 只能在本函数内使用，且函数结束后不清零
  37   1              TL0 = 0x66;     //设置定时初始值
  38   1              TH0 = 0xFC;     //设置定时初始值
  39   1              T0_count++;
  40   1              if(T0_count >= 20)
  41   1              {
  42   2                      T0_count = 0;
  43   2                      if(LEDMode==0)
  44   2                              P2=_cror_(P2,1);        //右移
  45   2                      else
  46   2                              P2=_crol_(P2,1);        //左移
  47   2              }
  48   1      }


MODULE INFORMATION:   STATIC OVERLAYABLE
   CODE SIZE        =    113    ----
   CONSTANT SIZE    =   ----    ----
   XDATA SIZE       =   ----    ----
C51 COMPILER V9.54   MAIN                                                                  09/29/2023 20:49:34 PAGE 2   

   PDATA SIZE       =   ----    ----
   DATA SIZE        =      4    ----
   IDATA SIZE       =   ----    ----
   BIT SIZE         =   ----    ----
END OF MODULE INFORMATION.


C51 COMPILATION COMPLETE.  0 WARNING(S),  0 ERROR(S)
