C51 COMPILER V9.54   TIMER0                                                                09/29/2023 15:45:12 PAGE 1   


C51 COMPILER V9.54, COMPILATION OF MODULE TIMER0
OBJECT MODULE PLACED IN .\Objects\Timer0.obj
COMPILER INVOKED BY: D:\keil c51\C51\BIN\C51.EXE Timer0.c OPTIMIZE(8,SPEED) BROWSE DEBUG OBJECTEXTEND PRINT(.\Listings\T
                    -imer0.lst) OBJECT(.\Objects\Timer0.obj)

line level    source

   1          #include <REGX52.H>
   2          
   3          /*T0计时器初始化*/
   4          
   5          /**
   6            * @brief  定时器0初始化 1毫秒@11.0592MHz
   7            * @param  无
   8            * @retval 无
   9            */
  10          void Timer0_Init()      //1毫秒@11.0592MHz
  11          {
  12   1      //      TMOD = 0x01;    //16位T0定时器
  13   1              TMOD &= 0xF0;   //高四位不变,低四位清零
  14   1              TMOD |= 0x01;   //高四位不变，最低位置1
  15   1              
  16   1              /*TCON*/
  17   1              TF0 = 0;        //TF0清零
  18   1              TR0 = 1;        //允许T0开始计数
  19   1              
  20   1              /*周期设定为1ms需要设定初始值*/
  21   1              /*该16位T0计时器由TH0(高位)和TL0(低位)两个8位寄存器构成，需要高低位分别赋值*
             -/
  22   1              TL0 = 0x66;             //设置定时初始值
  23   1              TH0 = 0xFC;             //设置定时初始值
  24   1      
  25   1              ET0 = 1;//允许T0中断
  26   1              EA = 1;//CPU开放中断
  27   1              PT0 = 0;//设定为最低优先级
  28   1      }
  29          
  30          
  31          /*定时器中断函数声明*/
  32          /*使用时：需要复制到main.c文件中*/
  33          //void Timer0_Routine() interrupt 1
  34          //{
  35          //      static unsigned int T0_count;//静态声明 只能在本函数内使用，且函数结束后不清零
  36          //      TL0 = 0x66;     
  37          //      TH0 = 0xFC;
  38          //      T0_count++;
  39          //      if(T0_count >= 1000)
  40          //      {
  41          //              T0_count = 0;
  42          //      }
  43          //}


MODULE INFORMATION:   STATIC OVERLAYABLE
   CODE SIZE        =     23    ----
   CONSTANT SIZE    =   ----    ----
   XDATA SIZE       =   ----    ----
   PDATA SIZE       =   ----    ----
   DATA SIZE        =   ----    ----
   IDATA SIZE       =   ----    ----
   BIT SIZE         =   ----    ----
C51 COMPILER V9.54   TIMER0                                                                09/29/2023 15:45:12 PAGE 2   

END OF MODULE INFORMATION.


C51 COMPILATION COMPLETE.  0 WARNING(S),  0 ERROR(S)
