C51 COMPILER V9.54   MAIN                                                                  08/29/2023 20:09:39 PAGE 1   


C51 COMPILER V9.54, COMPILATION OF MODULE MAIN
OBJECT MODULE PLACED IN .\Objects\main.obj
COMPILER INVOKED BY: D:\keil c51\C51\BIN\C51.EXE main.c OPTIMIZE(8,SPEED) BROWSE DEBUG OBJECTEXTEND PRINT(.\Listings\mai
                    -n.lst) OBJECT(.\Objects\main.obj)

line level    source

   1          #include <REGX52.H>
   2          #include <intrins.h>
   3          
   4          void Delay(unsigned int xms);
   5          unsigned char LEDnum;
   6          void main()
   7          {
   8   1              P2=~0x01;
   9   1              while(1)
  10   1              {
  11   2                      if(P3_1==0)//left
  12   2                      {
  13   3                              Delay(20);
  14   3                              while(P3_1==0)
  15   3                              Delay(20);
  16   3                              
  17   3                              if(LEDnum==0)
  18   3                                      LEDnum==7;
*** WARNING C275 IN LINE 18 OF main.c: expression with possibly no effect
  19   3                              else
  20   3                                      LEDnum--;
  21   3                              P2=~(0x01 << LEDnum);
  22   3      
  23   3                      }
  24   2                      
  25   2                      if(P3_0==0)//right
  26   2                      {
  27   3                              Delay(20);
  28   3                              while(P3_0==0)
  29   3                              Delay(20);
  30   3                              
  31   3                              LEDnum++;
  32   3                              if(LEDnum>=8)
  33   3                                      LEDnum=0;
  34   3                              
  35   3                              P2=~(0x01 << LEDnum);
  36   3                      }
  37   2                      
  38   2              }
  39   1      }
  40          
  41          void Delay(unsigned int xms)            //@11.0592MHz
  42          {
  43   1              unsigned char data i, j;
  44   1              while(xms--)
  45   1              {
  46   2              _nop_();
  47   2              i = 2;
  48   2              j = 199;
  49   2              do
  50   2              {
  51   3                      while (--j);
  52   3              } while (--i);
  53   2              }
C51 COMPILER V9.54   MAIN                                                                  08/29/2023 20:09:39 PAGE 2   

  54   1      }


MODULE INFORMATION:   STATIC OVERLAYABLE
   CODE SIZE        =    111    ----
   CONSTANT SIZE    =   ----    ----
   XDATA SIZE       =   ----    ----
   PDATA SIZE       =   ----    ----
   DATA SIZE        =      1    ----
   IDATA SIZE       =   ----    ----
   BIT SIZE         =   ----    ----
END OF MODULE INFORMATION.


C51 COMPILATION COMPLETE.  1 WARNING(S),  0 ERROR(S)
