C51 COMPILER V9.54   MAIN                                                                  09/29/2023 21:52:05 PAGE 1   


C51 COMPILER V9.54, COMPILATION OF MODULE MAIN
OBJECT MODULE PLACED IN .\Objects\main.obj
COMPILER INVOKED BY: D:\keil c51\C51\BIN\C51.EXE main.c OPTIMIZE(8,SPEED) BROWSE DEBUG OBJECTEXTEND PRINT(.\Listings\mai
                    -n.lst) OBJECT(.\Objects\main.obj)

line level    source

   1          #include <REGX52.H>
   2          #include "Timer0.h"
   3          #include "key.h"
   4          #include <INTRINS.H>
   5          #include "LCD1602.h"
   6          
   7          char Sec,Min,Hour;              //可分别赋值55,59,23检验是否成功实现
   8          
   9          
  10          void main()
  11          {
  12   1              LCD_Init();
  13   1              Timer0_Init();
  14   1              
  15   1              
  16   1              LCD_ShowString(1,1,"CLOCK:");
  17   1              LCD_ShowString(2,1,"  :  :  ");
  18   1              while(1)
  19   1              {
  20   2                      LCD_ShowNum(2,1,Hour,2);
  21   2                      LCD_ShowNum(2,4,Min,2);
  22   2                      LCD_ShowNum(2,7,Sec,2);
  23   2              }
  24   1      }
  25          
  26          
  27          /*定时器中断函数声明*/
  28          /*使用时：需要复制到main.c文件中*/
  29          void Timer0_Routine()   interrupt 1
  30          {
  31   1              static unsigned int T0_count;//静态声明 只能在本函数内使用，且函数结束后不清零
  32   1              TL0 = 0x66;     
  33   1              TH0 = 0xFC;
  34   1              T0_count++;
  35   1              if(T0_count >= 1000)    //周期1s
  36   1              {
  37   2                      T0_count = 0;
  38   2                                      Sec++;
  39   2                      if(Sec>=60)
  40   2                      {
  41   3                              Sec=0;
  42   3                              Min++;
  43   3                              if(Min>=60)
  44   3                              {       
  45   4                                      Min=0;
  46   4                                      Hour++;
  47   4                                      if(Hour>=24)
  48   4                                              Hour=0;
  49   4                                      
  50   4                              }
  51   3                              
  52   3                      }
  53   2                              
  54   2              }
C51 COMPILER V9.54   MAIN                                                                  09/29/2023 21:52:05 PAGE 2   

  55   1      
  56   1      ///*"倒计时的尽头会是什么?"————汪淼*/
  57   1      //      if(T0_count >= 1000)
  58   1      //      {
  59   1      //              T0_count = 0;
  60   1      //              Sec--;
  61   1      //              if(Sec<0)
  62   1      //              {
  63   1      //                      Sec=59;
  64   1      //                      Min--;
  65   1      //                      if(Min<0)
  66   1      //                      {       
  67   1      //                              Min=59;
  68   1      //                              Hour--;
  69   1      //                              if(Hour<0)
  70   1      //                                      Hour=0;
  71   1      //                              
  72   1      //                      }
  73   1      //                      
  74   1      //              }
  75   1      //                      
  76   1      //      }
  77   1      }


MODULE INFORMATION:   STATIC OVERLAYABLE
   CODE SIZE        =    162    ----
   CONSTANT SIZE    =     16    ----
   XDATA SIZE       =   ----    ----
   PDATA SIZE       =   ----    ----
   DATA SIZE        =      5    ----
   IDATA SIZE       =   ----    ----
   BIT SIZE         =   ----    ----
END OF MODULE INFORMATION.


C51 COMPILATION COMPLETE.  0 WARNING(S),  0 ERROR(S)
