C51 COMPILER V9.54   NIXIE                                                                 09/23/2023 00:01:33 PAGE 1   


C51 COMPILER V9.54, COMPILATION OF MODULE NIXIE
OBJECT MODULE PLACED IN .\Objects\Nixie.obj
COMPILER INVOKED BY: D:\keil c51\C51\BIN\C51.EXE Nixie.c OPTIMIZE(8,SPEED) BROWSE DEBUG OBJECTEXTEND PRINT(.\Listings\Ni
                    -xie.lst) OBJECT(.\Objects\Nixie.obj)

line level    source

   1          #include <REGX52.H>
   2          
   3          #include "Delay.h"
   4          
   5          unsigned char NixieTable[] = {0x3F,0x06,0x5B,0x4F,0x66,0x6D,0x7D,0x07,0x7F,0x6F,0x77,0x7C,0x39,0x5E,0x79,0
             -x71,0x00,0x40};//(0x)0~9,A~F,none
   6          
   7          void Nixie(unsigned char Location,Number)
   8          {
   9   1              switch(Location)
  10   1              {
  11   2                      case 1: //LED9=Y7
  12   2                              P2_4=1;P2_3=1;P2_2=1;break;
  13   2                      case 2:
  14   2                              P2_4=1;P2_3=1;P2_2=0;break;
  15   2                      case 3:
  16   2                              P2_4=1;P2_3=0;P2_2=1;break;
  17   2                      case 4:
  18   2                              P2_4=1;P2_3=0;P2_2=0;break;
  19   2                      case 5:
  20   2                              P2_4=0;P2_3=1;P2_2=1;break;
  21   2                      case 6:
  22   2                              P2_4=0;P2_3=1;P2_2=0;break;
  23   2                      case 7:
  24   2                              P2_4=0;P2_3=0;P2_2=1;break;
  25   2                      case 8: //LED1=Y0
  26   2                              P2_4=0;P2_3=0;P2_2=0;break;
  27   2              }
  28   1              P0=NixieTable[Number];
  29   1              Delay1ms(1);
  30   1              P0=0X00;
  31   1      }


MODULE INFORMATION:   STATIC OVERLAYABLE
   CODE SIZE        =    109    ----
   CONSTANT SIZE    =   ----    ----
   XDATA SIZE       =   ----    ----
   PDATA SIZE       =   ----    ----
   DATA SIZE        =     18    ----
   IDATA SIZE       =   ----    ----
   BIT SIZE         =   ----    ----
END OF MODULE INFORMATION.


C51 COMPILATION COMPLETE.  0 WARNING(S),  0 ERROR(S)
