C51 COMPILER V9.54   MATRIXKEY                                                             09/27/2023 22:04:04 PAGE 1   


C51 COMPILER V9.54, COMPILATION OF MODULE MATRIXKEY
OBJECT MODULE PLACED IN .\Objects\MatrixKey.obj
COMPILER INVOKED BY: D:\keil c51\C51\BIN\C51.EXE MatrixKey.c OPTIMIZE(8,SPEED) BROWSE DEBUG OBJECTEXTEND PRINT(.\Listing
                    -s\MatrixKey.lst) OBJECT(.\Objects\MatrixKey.obj)

line level    source

   1          #include <REGX52.H>
   2          #include "Delay.h"
   3          
   4          /**
   5            * @brief  矩阵键盘 读取键码
   6            * @param  无
   7            * @retval Keynum 按下按键的键码值
   8                                  消抖：while(P1_7==0);的意思是等待 P1_7 变为非零，然后才执行下一句
   9            */
  10          
  11          unsigned char MatrixKey(unsigned char Keynum)
  12          {
  13   1              P1=0xFF;
  14   1              P1_3=0;
  15   1              if(P1_7==0){Delay1ms(20);while(P1_7==0);Delay1ms(20);Keynum=1;}
  16   1              if(P1_6==0){Delay1ms(20);while(P1_6==0);Delay1ms(20);Keynum=5;}
  17   1              if(P1_5==0){Delay1ms(20);while(P1_5==0);Delay1ms(20);Keynum=9;}
  18   1              if(P1_4==0){Delay1ms(20);while(P1_4==0);Delay1ms(20);Keynum=13;}
  19   1              
  20   1              P1=0xFF;
  21   1              P1_2=0;
  22   1              if(P1_7==0){Delay1ms(20);while(P1_7==0);Delay1ms(20);Keynum=2;}
  23   1              if(P1_6==0){Delay1ms(20);while(P1_6==0);Delay1ms(20);Keynum=6;}
  24   1              if(P1_5==0){Delay1ms(20);while(P1_5==0);Delay1ms(20);Keynum=10;}
  25   1              if(P1_4==0){Delay1ms(20);while(P1_4==0);Delay1ms(20);Keynum=14;}
  26   1              
  27   1              P1=0xFF;
  28   1              P1_1=0;
  29   1              if(P1_7==0){Delay1ms(20);while(P1_7==0);Delay1ms(20);Keynum=3;}
  30   1              if(P1_6==0){Delay1ms(20);while(P1_6==0);Delay1ms(20);Keynum=7;}
  31   1              if(P1_5==0){Delay1ms(20);while(P1_5==0);Delay1ms(20);Keynum=11;}
  32   1              if(P1_4==0){Delay1ms(20);while(P1_4==0);Delay1ms(20);Keynum=15;}
  33   1              
  34   1              P1=0xFF;
  35   1              P1_0=0;
  36   1              if(P1_7==0){Delay1ms(20);while(P1_7==0);Delay1ms(20);Keynum=4;}
  37   1              if(P1_6==0){Delay1ms(20);while(P1_6==0);Delay1ms(20);Keynum=8;}
  38   1              if(P1_5==0){Delay1ms(20);while(P1_5==0);Delay1ms(20);Keynum=12;}
  39   1              if(P1_4==0){Delay1ms(20);while(P1_4==0);Delay1ms(20);Keynum=16;}
  40   1      
  41   1              return Keynum;
  42   1      }


MODULE INFORMATION:   STATIC OVERLAYABLE
   CODE SIZE        =    393    ----
   CONSTANT SIZE    =   ----    ----
   XDATA SIZE       =   ----    ----
   PDATA SIZE       =   ----    ----
   DATA SIZE        =   ----       1
   IDATA SIZE       =   ----    ----
   BIT SIZE         =   ----    ----
END OF MODULE INFORMATION.


C51 COMPILATION COMPLETE.  0 WARNING(S),  0 ERROR(S)
