C51 COMPILER V9.54   MAIN                                                                  08/23/2023 18:09:55 PAGE 1   


C51 COMPILER V9.54, COMPILATION OF MODULE MAIN
OBJECT MODULE PLACED IN .\Objects\main.obj
COMPILER INVOKED BY: D:\keil c51\C51\BIN\C51.EXE main.c OPTIMIZE(8,SPEED) BROWSE DEBUG OBJECTEXTEND PRINT(.\Listings\mai
                    -n.lst) OBJECT(.\Objects\main.obj)

line level    source

   1          #include <REGX52.H>
   2          #include <intrins.h>
   3          
   4          void Delay(unsigned int xms)            //@11.0592MHz
   5          {
   6   1              unsigned char data i, j;
   7   1              while(xms--)
   8   1              {
   9   2              _nop_();
  10   2              i = 2;
  11   2              j = 199;
  12   2              do
  13   2              {
  14   3                      while (--j);
  15   3              } while (--i);
  16   2              }
  17   1      }
  18          
  19          void main()
  20          {
  21   1              unsigned char LEDnum = 0;//0000 0000
  22   1              while(1)
  23   1              {
  24   2                      if(P3_1==0)
  25   2                      {
  26   3                              Delay(20);
  27   3                              while(P3_1==0);
  28   3                              Delay(20);
  29   3      //                      //默认1111 1111
  30   3      //                      P2++;//0000 0000溢出
  31   3      //                      P2=~P2;//取反1111 1111,无意义
  32   3                              LEDnum++;
  33   3                              P2 = ~LEDnum;
  34   3                      }                       
  35   2              }
  36   1      }


MODULE INFORMATION:   STATIC OVERLAYABLE
   CODE SIZE        =     51    ----
   CONSTANT SIZE    =   ----    ----
   XDATA SIZE       =   ----    ----
   PDATA SIZE       =   ----    ----
   DATA SIZE        =   ----    ----
   IDATA SIZE       =   ----    ----
   BIT SIZE         =   ----    ----
END OF MODULE INFORMATION.


C51 COMPILATION COMPLETE.  0 WARNING(S),  0 ERROR(S)
